
     Program GIPAW v.6.4.1 starts on 24Jul2019 at 13:25:35 

     This program is part of the open-source Quantum ESPRESSO suite
     for quantum simulation of materials; please cite
         "P. Giannozzi et al., J. Phys.:Condens. Matter 21 395502 (2009);
         "P. Giannozzi et al., J. Phys.:Condens. Matter 29 465901 (2017);
          URL http://www.quantum-espresso.org", 
     in publications or presentations arising from this work. More details at
     http://www.quantum-espresso.org/quote

     Parallel version (MPI), running on     4 processors

     MPI processes distributed on     1 nodes
     R & G space division:  proc/nbgrp/npool/nimage =       4
 
     ***** This is GIPAW git revision                                          *****
     ***** you can cite: N. Varini et al., Comp. Phys. Comm. 184, 1827 (2013)  *****
     ***** in publications or presentations arising from this work.            *****
 
     Parallelizing q-star over 1 images

     Reading data from directory:
     ./outdir/TMS.save/

     IMPORTANT: XC functional enforced from input :
     Exchange-correlation      = PBE ( 1  4  3  4 0 0)
     Any further DFT definition will be discarded
     Please, verify this is what you really want

 
     Parallelization info
     --------------------
     sticks:   dense  smooth     PW     G-vecs:    dense   smooth      PW
     Min        2861    2861    717               230581   230581   28827
     Max        2863    2863    718               230583   230583   28830
     Sum       11449   11449   2869               922329   922329  115313
 

     Subspace diagonalization in iterative solution of the eigenvalue problem:
     a serial algorithm will be used

     GIPAW projectors -----------------------------------------------
     atom=  H    l=0  rc=    1.2000  rs=    0.8000
     atom=  H    l=0  rc=    1.2000  rs=    0.8000
     projs nearly linearly dependent: l=0  n1,n2= 1, 2  s= -0.99707079
 
     atom=  C    l=0  rc=    1.7500  rs=    1.1667
     atom=  C    l=0  rc=    1.7500  rs=    1.1667
     atom=  C    l=1  rc=    1.7500  rs=    1.1667
     atom=  C    l=1  rc=    1.7500  rs=    1.1667
     projs nearly linearly dependent: l=1  n1,n2= 1, 2  s= -0.99430547
 
     atom=  Si   l=0  rc=    2.0000  rs=    1.3333
     atom=  Si   l=0  rc=    2.0000  rs=    1.3333
     atom=  Si   l=1  rc=    2.0000  rs=    1.3333
     atom=  Si   l=1  rc=    2.0000  rs=    1.3333
     atom=  Si   l=2  rc=    2.0000  rs=    1.3333
     atom=  Si   l=2  rc=    2.0000  rs=    1.3333
     projs nearly linearly dependent: l=1  n1,n2= 1, 2  s=  0.99854623
     projs nearly linearly dependent: l=2  n1,n2= 1, 2  s=  0.99998260
     -----------------------------------------------------------------
 
     alpha_pv=     21.3651 eV
 
     q-space interpolation up to    99.00 Rydberg
 
     GIPAW job: nmr                                                                             
     NMR macroscopic correction: no
 
     Largest allocated arrays     est. size (Mb)     dimensions
        KS wavefunctions at k           7.04 Mb     (   28829,   16)
        KS wavefunctions at k+q         7.04 Mb     (   28829,   16)
        First-order wavefunctions      70.38 Mb     (   28829,   16, 10)
        Charge/spin density             3.81 Mb     (  500000,    1)
        Induced current                34.33 Mb     (  500000,    3,3,1)
        Induced magnetic field         34.33 Mb     (  500000,    3,3,1)
        NL pseudopotentials             3.52 Mb     (   28829,    8)
        GIPAW NL terms                 32.55 Mb     (   28829,   74)
 
     Computing the magnetic susceptibility     isolve=1    ethr=  0.1000E-13
     k-point #    1 of     1      pool #  1    cpu time:       2.5
     Rotating WFCS
     Rotating WFCS
     Rotating WFCS
     Rotating WFCS
     Rotating WFCS
     Rotating WFCS
     Rotating WFCS
 
     End of magnetic susceptibility calculation
 
     f-sum rule (1st term):
           -32.0040          0.0001          0.0000
             0.0001        -32.0279          0.0000
             0.0001         -0.0000        -32.0286

     f-sum rule (2nd term):
             0.0000          0.0000          0.0000
             0.0000          0.0000          0.0000
             0.0000          0.0000          0.0000

     f-sum rule (should be   -32.0000):
           -32.0040          0.0001          0.0000
             0.0001        -32.0279          0.0000
             0.0001         -0.0000        -32.0286

     chi_bare pGv (HH) in paratec units:
       -15.871519      0.003190     -0.002580
         0.003240    -15.842008     -0.001821
        -0.002651     -0.002083    -15.841345

       -15.871519      0.003190     -0.002580
         0.003240    -15.842008     -0.001821
        -0.002651     -0.002083    -15.841345

     chi_bare vGv (VV) in paratec units:
       -15.656400      0.003074     -0.002682
         0.003173    -15.625729     -0.002204
        -0.002647     -0.002215    -15.625077

       -15.656400      0.003074     -0.002682
         0.003173    -15.625729     -0.002204
        -0.002647     -0.002215    -15.625077

     chi_bare pGv (HH) in 10^{-6} cm^3/mol:
           -75.4230          0.0152         -0.0123
             0.0154        -75.2827         -0.0087
            -0.0126         -0.0099        -75.2796

     chi_bare vGv (VV) in 10^{-6} cm^3/mol:
           -74.4007          0.0146         -0.0127
             0.0151        -74.2549         -0.0105
            -0.0126         -0.0105        -74.2518

     Contributions to the NMR chemical shifts: -------------------------------
 
     Macroscopic shape contribution in ppm:                    0.00
             0.0000          0.0000          0.0000
             0.0000          0.0000          0.0000
             0.0000          0.0000          0.0000

 
     Core contribution in ppm:
 
     Atom  1  Si  pos: (  0.000009 -0.000009  0.000009)  core sigma:         837.91
     Atom  2  C   pos: ( -0.087220 -0.016195 -0.153380)  core sigma:         200.33
     Atom  3  C   pos: (  0.083932  0.155997  0.004035)  core sigma:         200.33
     Atom  4  C   pos: (  0.118287 -0.131090  0.014815)  core sigma:         200.33
     Atom  5  C   pos: ( -0.115009 -0.008712  0.134511)  core sigma:         200.33
     Atom  6  H   pos: ( -0.136958 -0.106713 -0.157717)  core sigma:           0.00
     Atom  7  H   pos: ( -0.156828  0.059489 -0.163943)  core sigma:           0.00
     Atom  8  H   pos: ( -0.021807 -0.011367 -0.233268)  core sigma:           0.00
     Atom  9  H   pos: (  0.151594  0.163083 -0.073784)  core sigma:           0.00
     Atom 10  H   pos: (  0.016554  0.233929 -0.004498)  core sigma:           0.00
     Atom 11  H   pos: (  0.135512  0.167430  0.092889)  core sigma:           0.00
     Atom 12  H   pos: (  0.170321 -0.123437  0.103803)  core sigma:           0.00
     Atom 13  H   pos: (  0.071271 -0.223120  0.012661)  core sigma:           0.00
     Atom 14  H   pos: (  0.186412 -0.127755 -0.062862)  core sigma:           0.00
     Atom 15  H   pos: ( -0.066046  0.000548  0.225085)  core sigma:           0.00
     Atom 16  H   pos: ( -0.184985  0.067076  0.127679)  core sigma:           0.00
     Atom 17  H   pos: ( -0.165096 -0.099126  0.133934)  core sigma:           0.00
 
     Bare contribution in ppm:
 
     Atom  1  Si  pos: (  0.000009 -0.000009  0.000009)  bare sigma:         -17.39
           -17.3080          0.0012          0.0025
             0.0029        -17.4363         -0.0060
             0.0033         -0.0084        -17.4382

     Atom  2  C   pos: ( -0.087220 -0.016195 -0.153380)  bare sigma:          11.23
            10.7942          0.2462          2.3140
             0.2392          9.2598          0.4105
             2.3223          0.4074         13.6332

     Atom  3  C   pos: (  0.083932  0.155997  0.004035)  bare sigma:          11.22
            10.6847          2.2636          0.0721
             2.2722         13.7827          0.1093
             0.0886          0.0796          9.2062

     Atom  4  C   pos: (  0.118287 -0.131090  0.014815)  bare sigma:          11.21
            12.0501         -2.6553          0.3285
            -2.7174         12.3592         -0.3100
             0.3169         -0.3151          9.2236

     Atom  5  C   pos: ( -0.115009 -0.008712  0.134511)  bare sigma:          11.21
            11.8978          0.1626         -2.6544
             0.1781          9.1907         -0.1665
            -2.7007         -0.1992         12.5432

     Atom  6  H   pos: ( -0.136958 -0.106713 -0.157717)  bare sigma:          29.96
            29.4308          3.7542          1.3383
             3.5369         32.2447          1.2502
             1.5396          1.6059         28.1920

     Atom  7  H   pos: ( -0.156828  0.059489 -0.163943)  bare sigma:          29.96
            31.2869         -3.8623          1.9067
            -3.6368         30.1804         -1.0975
             2.1754         -1.3995         28.4177

     Atom  8  H   pos: ( -0.021807 -0.011367 -0.233268)  bare sigma:          29.97
            28.9513          0.1735         -2.6980
             0.1605         26.6329         -0.0581
            -3.1149         -0.1047         34.3242

     Atom  9  H   pos: (  0.151594  0.163083 -0.073784)  bare sigma:          29.96
            31.0049          1.6912         -3.9688
             1.9652         28.3373         -1.3903
            -3.7609         -1.0767         30.5328

     Atom 10  H   pos: (  0.016554  0.233929 -0.004498)  bare sigma:          29.97
            29.0944         -2.7948          0.3152
            -3.2133         34.1484         -0.4940
             0.3260         -0.4539         26.6552

     Atom 11  H   pos: (  0.135512  0.167430  0.092889)  bare sigma:          29.96
            29.5219          1.6419          3.6727
             1.8408         28.5015          1.9107
             3.4545          1.5536         31.8486

     Atom 12  H   pos: (  0.170321 -0.123437  0.103803)  bare sigma:          29.96
            30.2942         -0.8886          4.0914
            -1.0927         27.5575         -0.6832
             3.8064         -0.3842         32.0319

     Atom 13  H   pos: (  0.071271 -0.223120  0.012661)  bare sigma:          29.97
            28.0032          1.4389          0.0900
             1.8477         35.2835         -0.0301
             0.0809         -0.0689         26.6298

     Atom 14  H   pos: (  0.186412 -0.127755 -0.062862)  bare sigma:          29.96
            31.8869         -1.1708         -4.0977
            -1.4181         27.6201          0.6352
            -3.8090          0.3777         30.3777

     Atom 15  H   pos: ( -0.066046  0.000548  0.225085)  bare sigma:          29.97
            28.0654          0.2308          1.5755
             0.2427         26.6652          0.4917
             1.9831          0.5409         35.1815

     Atom 16  H   pos: ( -0.184985  0.067076  0.127679)  bare sigma:          29.96
            32.0016         -4.1310         -1.0022
            -3.8598         30.2599          0.2515
            -1.2731          0.5078         27.6154

     Atom 17  H   pos: ( -0.165096 -0.099126  0.133934)  bare sigma:          29.96
            30.0520          3.9496         -1.1936
             3.6655         32.1016         -0.7898
            -1.3752         -1.1000         27.7326

     Diamagnetic contribution in ppm:
 
     Atom  1  Si  pos: (  0.000009 -0.000009  0.000009)  dia sigma:           5.76
             5.7556          0.0002          0.0001
             0.0002          5.7553          0.0000
             0.0001          0.0000          5.7554

     Atom  2  C   pos: ( -0.087220 -0.016195 -0.153380)  dia sigma:           3.74
             3.7448         -0.0021         -0.0202
            -0.0021          3.7558         -0.0037
            -0.0202         -0.0037          3.7207

     Atom  3  C   pos: (  0.083932  0.155997  0.004035)  dia sigma:           3.74
             3.7456         -0.0197         -0.0005
            -0.0197          3.7194         -0.0010
            -0.0005         -0.0010          3.7561

     Atom  4  C   pos: (  0.118287 -0.131090  0.014815)  dia sigma:           3.74
             3.7351          0.0233         -0.0026
             0.0233          3.7302          0.0029
            -0.0026          0.0029          3.7559

     Atom  5  C   pos: ( -0.115009 -0.008712  0.134511)  dia sigma:           3.74
             3.7362         -0.0015          0.0233
            -0.0015          3.7560          0.0018
             0.0233          0.0018          3.7288

     Atom  6  H   pos: ( -0.136958 -0.106713 -0.157717)  dia sigma:           0.42
             0.4178         -0.0000         -0.0000
            -0.0000          0.4178          0.0000
            -0.0000          0.0000          0.4178

     Atom  7  H   pos: ( -0.156828  0.059489 -0.163943)  dia sigma:           0.42
             0.4178         -0.0000         -0.0000
            -0.0000          0.4178          0.0000
            -0.0000          0.0000          0.4178

     Atom  8  H   pos: ( -0.021807 -0.011367 -0.233268)  dia sigma:           0.42
             0.4179         -0.0000         -0.0000
            -0.0000          0.4179          0.0000
            -0.0000          0.0000          0.4179

     Atom  9  H   pos: (  0.151594  0.163083 -0.073784)  dia sigma:           0.42
             0.4179         -0.0000         -0.0000
            -0.0000          0.4179          0.0000
            -0.0000          0.0000          0.4179

     Atom 10  H   pos: (  0.016554  0.233929 -0.004498)  dia sigma:           0.42
             0.4179         -0.0000         -0.0000
            -0.0000          0.4179          0.0000
            -0.0000          0.0000          0.4179

     Atom 11  H   pos: (  0.135512  0.167430  0.092889)  dia sigma:           0.42
             0.4178         -0.0000         -0.0000
            -0.0000          0.4178          0.0000
            -0.0000          0.0000          0.4178

     Atom 12  H   pos: (  0.170321 -0.123437  0.103803)  dia sigma:           0.42
             0.4178         -0.0000         -0.0000
            -0.0000          0.4178          0.0000
            -0.0000          0.0000          0.4178

     Atom 13  H   pos: (  0.071271 -0.223120  0.012661)  dia sigma:           0.42
             0.4179         -0.0000         -0.0000
            -0.0000          0.4179          0.0000
            -0.0000          0.0000          0.4179

     Atom 14  H   pos: (  0.186412 -0.127755 -0.062862)  dia sigma:           0.42
             0.4178         -0.0000         -0.0000
            -0.0000          0.4178          0.0000
            -0.0000          0.0000          0.4178

     Atom 15  H   pos: ( -0.066046  0.000548  0.225085)  dia sigma:           0.42
             0.4178         -0.0000         -0.0000
            -0.0000          0.4178          0.0000
            -0.0000          0.0000          0.4178

     Atom 16  H   pos: ( -0.184985  0.067076  0.127679)  dia sigma:           0.42
             0.4178         -0.0000         -0.0000
            -0.0000          0.4178          0.0000
            -0.0000          0.0000          0.4178

     Atom 17  H   pos: ( -0.165096 -0.099126  0.133934)  dia sigma:           0.42
             0.4179         -0.0000         -0.0000
            -0.0000          0.4179          0.0000
            -0.0000          0.0000          0.4179

     Paramagnetic contribution in ppm:
 
     Atom  1  Si  pos: (  0.000009 -0.000009  0.000009)  para sigma:        -505.90
          -504.5786          0.1021          0.0960
             0.0341       -506.5846         -0.0552
             0.0440         -0.1551       -506.5272

     Atom  2  C   pos: ( -0.087220 -0.016195 -0.153380)  para sigma:         -37.87
           -38.0618          0.1135          1.0797
             0.1112        -38.7564          0.1929
             1.0793          0.1891        -36.7824

     Atom  3  C   pos: (  0.083932  0.155997  0.004035)  para sigma:         -37.87
           -38.1102          1.0562          0.0347
             1.0553        -36.7143          0.0517
             0.0427          0.0355        -38.7799

     Atom  4  C   pos: (  0.118287 -0.131090  0.014815)  para sigma:         -37.88
           -37.5007         -1.2377          0.1534
            -1.2705        -37.3645         -0.1437
             0.1483         -0.1470        -38.7759

     Atom  5  C   pos: ( -0.115009 -0.008712  0.134511)  para sigma:         -37.88
           -37.5685          0.0760         -1.2380
             0.0832        -38.7902         -0.0751
            -1.2616         -0.0939        -37.2805

     Atom  6  H   pos: ( -0.136958 -0.106713 -0.157717)  para sigma:           0.00
             0.0000          0.0000          0.0000
             0.0000          0.0000          0.0000
             0.0000          0.0000          0.0000

     Atom  7  H   pos: ( -0.156828  0.059489 -0.163943)  para sigma:           0.00
             0.0000          0.0000          0.0000
             0.0000          0.0000          0.0000
             0.0000          0.0000          0.0000

     Atom  8  H   pos: ( -0.021807 -0.011367 -0.233268)  para sigma:           0.00
             0.0000          0.0000          0.0000
             0.0000          0.0000          0.0000
             0.0000          0.0000          0.0000

     Atom  9  H   pos: (  0.151594  0.163083 -0.073784)  para sigma:           0.00
             0.0000          0.0000          0.0000
             0.0000          0.0000          0.0000
             0.0000          0.0000          0.0000

     Atom 10  H   pos: (  0.016554  0.233929 -0.004498)  para sigma:           0.00
             0.0000          0.0000          0.0000
             0.0000          0.0000          0.0000
             0.0000          0.0000          0.0000

     Atom 11  H   pos: (  0.135512  0.167430  0.092889)  para sigma:           0.00
             0.0000          0.0000          0.0000
             0.0000          0.0000          0.0000
             0.0000          0.0000          0.0000

     Atom 12  H   pos: (  0.170321 -0.123437  0.103803)  para sigma:           0.00
             0.0000          0.0000          0.0000
             0.0000          0.0000          0.0000
             0.0000          0.0000          0.0000

     Atom 13  H   pos: (  0.071271 -0.223120  0.012661)  para sigma:           0.00
             0.0000          0.0000          0.0000
             0.0000          0.0000          0.0000
             0.0000          0.0000          0.0000

     Atom 14  H   pos: (  0.186412 -0.127755 -0.062862)  para sigma:           0.00
             0.0000          0.0000          0.0000
             0.0000          0.0000          0.0000
             0.0000          0.0000          0.0000

     Atom 15  H   pos: ( -0.066046  0.000548  0.225085)  para sigma:           0.00
             0.0000          0.0000          0.0000
             0.0000          0.0000          0.0000
             0.0000          0.0000          0.0000

     Atom 16  H   pos: ( -0.184985  0.067076  0.127679)  para sigma:           0.00
             0.0000          0.0000          0.0000
             0.0000          0.0000          0.0000
             0.0000          0.0000          0.0000

     Atom 17  H   pos: ( -0.165096 -0.099126  0.133934)  para sigma:           0.00
             0.0000          0.0000          0.0000
             0.0000          0.0000          0.0000
             0.0000          0.0000          0.0000

 
     Total NMR chemical shifts in ppm: ---------------------------------------
     (adopting the Simpson convention for anisotropy and asymmetry)-----------
 
     Atom  1  Si  pos: (  0.000009 -0.000009  0.000009)  Total sigma:         320.38
           321.7816          0.1035          0.0986
             0.0372        319.6470         -0.0612
             0.0474         -0.1634        319.7026

     Si   1    anisotropy:      2.11    eta:   -0.1674
     Si   1    sigma_11=    319.79    axis=(  0.006943  0.618723 -0.785579)
     Si   1    sigma_22=    319.55    axis=(  0.045066 -0.784993 -0.617863)
     Si   1    sigma_33=    321.79    axis=( -0.998960 -0.031113 -0.033334)
 
     Atom  2  C   pos: ( -0.087220 -0.016195 -0.153380)  Total sigma:         177.44
           176.8098          0.3576          3.3735
             0.3482        174.5919          0.5996
             3.3815          0.5928        180.9042

     C    2    anisotropy:      8.14    eta:   -0.0690
     C    2    sigma_11=    174.91    axis=(  0.868919  0.039503 -0.493376)
     C    2    sigma_22=    174.53    axis=(  0.075461 -0.995730  0.053176)
     C    2    sigma_33=    182.86    axis=(  0.489168  0.083436  0.868189)
 
     Atom  3  C   pos: (  0.083932  0.155997  0.004035)  Total sigma:         177.43
           176.6527          3.3001          0.1062
             3.3077        181.1205          0.1601
             0.1308          0.1141        174.5151

     C    3    anisotropy:      8.17    eta:   -0.0725
     C    3    sigma_11=    174.90    axis=(  0.877473 -0.468506  0.102675)
     C    3    sigma_22=    174.51    axis=( -0.100553  0.029619  0.994491)
     C    3    sigma_33=    182.88    axis=(  0.468966  0.882963  0.021120)
 
     Atom  4  C   pos: (  0.118287 -0.131090  0.014815)  Total sigma:         177.40
           178.6173         -3.8698          0.4792
            -3.9646        179.0577         -0.4508
             0.4626         -0.4593        174.5362

     C    4    anisotropy:      8.11    eta:   -0.0802
     C    4    sigma_11=    174.92    axis=( -0.721092 -0.689497 -0.067979)
     C    4    sigma_22=    174.48    axis=( -0.103559  0.010247  0.994571)
     C    4    sigma_33=    182.81    axis=(  0.685056 -0.724216  0.078792)
 
     Atom  5  C   pos: ( -0.115009 -0.008712  0.134511)  Total sigma:         177.40
           178.3983          0.2371         -3.8691
             0.2598        174.4893         -0.2399
            -3.9390         -0.2914        179.3241

     C    5    anisotropy:      8.11    eta:   -0.0845
     C    5    sigma_11=    174.93    axis=(  0.746801  0.020336  0.664737)
     C    5    sigma_22=    174.47    axis=(  0.044211 -0.998839 -0.019112)
     C    5    sigma_33=    182.81    axis=( -0.663576 -0.043662  0.746833)
 
     Atom  6  H   pos: ( -0.136958 -0.106713 -0.157717)  Total sigma:          30.37
            29.8486          3.7542          1.3383
             3.5369         32.6625          1.2502
             1.5396          1.6059         28.6098

     H    6    anisotropy:      8.02    eta:   -0.1897
     H    6    sigma_11=     28.21    axis=( -0.178625  0.429803 -0.885078)
     H    6    sigma_22=     27.19    axis=(  0.812683 -0.442641 -0.378966)
     H    6    sigma_33=     35.72    axis=(  0.554652  0.786981  0.270227)
 
     Atom  7  H   pos: ( -0.156828  0.059489 -0.163943)  Total sigma:          30.38
            31.7048         -3.8623          1.9067
            -3.6368         30.5982         -1.0975
             2.1754         -1.3995         28.8355

     H    7    anisotropy:      8.06    eta:   -0.1852
     H    7    sigma_11=     28.19    axis=(  0.035504  0.503256  0.863407)
     H    7    sigma_22=     27.20    axis=(  0.686898  0.615237 -0.386851)
     H    7    sigma_33=     35.75    axis=(  0.725886 -0.606808  0.323842)
 
     Atom  8  H   pos: ( -0.021807 -0.011367 -0.233268)  Total sigma:          30.39
            29.3693          0.1735         -2.6980
             0.1605         27.0508         -0.0581
            -3.1149         -0.1047         34.7421

     H    8    anisotropy:      8.44    eta:   -0.1913
     H    8    sigma_11=     28.11    axis=(  0.909553  0.112486  0.400074)
     H    8    sigma_22=     27.03    axis=(  0.109348 -0.993528  0.030744)
     H    8    sigma_33=     36.02    axis=( -0.400943 -0.015784  0.915967)
 
     Atom  9  H   pos: (  0.151594  0.163083 -0.073784)  Total sigma:          30.38
            31.4228          1.6912         -3.9688
             1.9652         28.7551         -1.3903
            -3.7609         -1.0767         30.9507

     H    9    anisotropy:      8.04    eta:   -0.1902
     H    9    sigma_11=     28.20    axis=(  0.036892  0.891128  0.452249)
     H    9    sigma_22=     27.19    axis=( -0.709489  0.342061 -0.616133)
     H    9    sigma_33=     35.74    axis=( -0.703751 -0.298135  0.644865)
 
     Atom 10  H   pos: (  0.016554  0.233929 -0.004498)  Total sigma:          30.38
            29.5123         -2.7948          0.3152
            -3.2133         34.5663         -0.4940
             0.3260         -0.4539         27.0731

     H   10    anisotropy:      8.43    eta:   -0.1943
     H   10    sigma_11=     28.12    axis=( -0.900911 -0.426012 -0.082903)
     H   10    sigma_22=     27.03    axis=( -0.101892  0.021933  0.994554)
     H   10    sigma_33=     36.00    axis=(  0.421873 -0.904452  0.063167)
 
     Atom 11  H   pos: (  0.135512  0.167430  0.092889)  Total sigma:          30.38
            29.9397          1.6419          3.6727
             1.8408         28.9193          1.9107
             3.4545          1.5536         32.2664

     H   11    anisotropy:      8.02    eta:   -0.1908
     H   11    sigma_11=     28.21    axis=( -0.134123 -0.863170  0.486775)
     H   11    sigma_22=     27.19    axis=( -0.813663  0.376313  0.443103)
     H   11    sigma_33=     35.72    axis=(  0.565653  0.336640  0.752802)
 
     Atom 12  H   pos: (  0.170321 -0.123437  0.103803)  Total sigma:          30.38
            30.7121         -0.8886          4.0914
            -1.0927         27.9753         -0.6832
             3.8064         -0.3842         32.4497

     H   12    anisotropy:      8.08    eta:   -0.1705
     H   12    sigma_11=     28.15    axis=( -0.382053  0.806818  0.450645)
     H   12    sigma_22=     27.23    axis=(  0.679354  0.575787 -0.454916)
     H   12    sigma_33=     35.76    axis=(  0.626509 -0.132345  0.768096)
 
     Atom 13  H   pos: (  0.071271 -0.223120  0.012661)  Total sigma:          30.39
            28.4211          1.4389          0.0900
             1.8477         35.7014         -0.0301
             0.0809         -0.0689         27.0477

     H   13    anisotropy:      8.50    eta:   -0.1830
     H   13    sigma_11=     28.08    axis=( -0.973626  0.209228 -0.090971)
     H   13    sigma_22=     27.04    axis=( -0.088228  0.022426  0.995848)
     H   13    sigma_33=     36.06    axis=( -0.210399 -0.977610  0.003375)
 
     Atom 14  H   pos: (  0.186412 -0.127755 -0.062862)  Total sigma:          30.38
            32.3047         -1.1708         -4.0977
            -1.4181         28.0379          0.6352
            -3.8090          0.3777         30.7955

     H   14    anisotropy:      8.13    eta:   -0.1669
     H   14    sigma_11=     28.12    axis=( -0.262735  0.799695 -0.539869)
     H   14    sigma_22=     27.22    axis=( -0.587770 -0.576378 -0.567728)
     H   14    sigma_33=     35.80    axis=( -0.765177  0.168157  0.621471)
 
     Atom 15  H   pos: ( -0.066046  0.000548  0.225085)  Total sigma:          30.39
            28.4832          0.2308          1.5755
             0.2427         27.0830          0.4917
             1.9831          0.5409         35.5993

     H   15    anisotropy:      8.50    eta:   -0.1834
     H   15    sigma_11=     28.08    axis=(  0.965816  0.107726 -0.235783)
     H   15    sigma_22=     27.04    axis=(  0.119232 -0.992248  0.035052)
     H   15    sigma_33=     36.05    axis=(  0.230179  0.061966  0.971173)
 
     Atom 16  H   pos: ( -0.184985  0.067076  0.127679)  Total sigma:          30.38
            32.4193         -4.1310         -1.0022
            -3.8598         30.6777          0.2515
            -1.2731          0.5078         28.0332

     H   16    anisotropy:      8.14    eta:   -0.1704
     H   16    sigma_11=     28.13    axis=( -0.232325 -0.489007  0.840772)
     H   16    sigma_22=     27.20    axis=( -0.587457 -0.618395 -0.521998)
     H   16    sigma_33=     35.80    axis=(  0.775189 -0.615191 -0.143602)
 
     Atom 17  H   pos: ( -0.165096 -0.099126  0.133934)  Total sigma:          30.38
            30.4699          3.9496         -1.1936
             3.6655         32.5195         -0.7898
            -1.3752         -1.1000         28.1505

     H   17    anisotropy:      8.05    eta:   -0.1712
     H   17    sigma_11=     28.16    axis=(  0.362268 -0.488041 -0.794089)
     H   17    sigma_22=     27.24    axis=( -0.709255  0.408427 -0.574582)
     H   17    sigma_33=     35.75    axis=(  0.604747  0.771365 -0.198186)
 
     Initialization:
     gipaw_setup  :      0.16s CPU      0.18s WALL (       1 calls)
 
     Linear response
     greenf       :    497.56s CPU    522.27s WALL (      21 calls)
     cgsolve      :    496.14s CPU    520.80s WALL (      21 calls)
     ch_psi       :    476.91s CPU    500.27s WALL (     441 calls)
     h_psiq       :    451.20s CPU    473.11s WALL (     441 calls)
 
     Apply operators
     h_psi        :    693.33s CPU    733.92s WALL (    3963 calls)
     apply_vel    :      2.86s CPU      3.01s WALL (      21 calls)
 
     Induced current
     j_para       :     86.57s CPU     88.82s WALL (      12 calls)
     biot_savart  :      1.32s CPU      1.40s WALL (       1 calls)
 
     Other routines
 
     General routines
     calbec       :     17.83s CPU     19.09s WALL (    8450 calls)
     fft          :      1.75s CPU      1.95s WALL (      30 calls)
     fftw         :    623.25s CPU    657.32s WALL (   23880 calls)
     davcio       :      0.02s CPU      0.09s WALL (      16 calls)
 
     Parallel routines
 
     Plugins
 
 
     GIPAW        :  14m44.39s CPU  15m35.62s WALL

 
   This run was terminated on:  13:41:10  24Jul2019            

=------------------------------------------------------------------------------=
   JOB DONE.
=------------------------------------------------------------------------------=
