
     Program GIPAW v.6.4.1 starts on 24Jul2019 at 13:57:46 

     This program is part of the open-source Quantum ESPRESSO suite
     for quantum simulation of materials; please cite
         "P. Giannozzi et al., J. Phys.:Condens. Matter 21 395502 (2009);
         "P. Giannozzi et al., J. Phys.:Condens. Matter 29 465901 (2017);
          URL http://www.quantum-espresso.org", 
     in publications or presentations arising from this work. More details at
     http://www.quantum-espresso.org/quote

     Parallel version (MPI), running on     4 processors

     MPI processes distributed on     1 nodes
     R & G space division:  proc/nbgrp/npool/nimage =       4
 
     ***** This is GIPAW git revision                                          *****
     ***** you can cite: N. Varini et al., Comp. Phys. Comm. 184, 1827 (2013)  *****
     ***** in publications or presentations arising from this work.            *****
 
     Parallelizing q-star over 1 images

     Reading data from directory:
     ./outdir/benzene.save/

     IMPORTANT: XC functional enforced from input :
     Exchange-correlation      = PBE ( 1  4  3  4 0 0)
     Any further DFT definition will be discarded
     Please, verify this is what you really want

 
     Parallelization info
     --------------------
     sticks:   dense  smooth     PW     G-vecs:    dense   smooth      PW
     Min        4475    4475   1120               225286   225286   28164
     Max        4477    4477   1122               225287   225287   28165
     Sum       17905   17905   4485               901147   901147  112657
 

     Subspace diagonalization in iterative solution of the eigenvalue problem:
     a serial algorithm will be used

     GIPAW projectors -----------------------------------------------
     atom=  H    l=0  rc=    1.2000  rs=    0.8000
     atom=  H    l=0  rc=    1.2000  rs=    0.8000
     projs nearly linearly dependent: l=0  n1,n2= 1, 2  s= -0.99707079
 
     atom=  C    l=0  rc=    1.7500  rs=    1.1667
     atom=  C    l=0  rc=    1.7500  rs=    1.1667
     atom=  C    l=1  rc=    1.7500  rs=    1.1667
     atom=  C    l=1  rc=    1.7500  rs=    1.1667
     projs nearly linearly dependent: l=1  n1,n2= 1, 2  s= -0.99430547
     -----------------------------------------------------------------
 
     alpha_pv=     29.5890 eV
 
     q-space interpolation up to    99.00 Rydberg
 
     GIPAW job: nmr                                                                             
     NMR macroscopic correction: no
 
     Largest allocated arrays     est. size (Mb)     dimensions
        KS wavefunctions at k           6.45 Mb     (   28165,   15)
        KS wavefunctions at k+q         6.45 Mb     (   28165,   15)
        First-order wavefunctions      64.46 Mb     (   28165,   15, 10)
        Charge/spin density             3.71 Mb     (  486400,    1)
        Induced current                33.40 Mb     (  486400,    3,3,1)
        Induced magnetic field         33.40 Mb     (  486400,    3,3,1)
        NL pseudopotentials             2.58 Mb     (   28165,    6)
        GIPAW NL terms                 25.79 Mb     (   28165,   60)
 
     Computing the magnetic susceptibility     isolve=1    ethr=  0.1000E-13
     Starting from scratch
     k-point #    1 of     1      pool #  1    cpu time:       2.4
     Rotating WFCS
     Rotating WFCS
     Rotating WFCS
     Rotating WFCS
     Rotating WFCS
     Rotating WFCS
     Rotating WFCS
 
     End of magnetic susceptibility calculation
 
     f-sum rule (1st term):
           -30.0001          0.0000          0.0000
             0.0000        -29.9997          0.0000
             0.0000          0.0000        -30.2289

     f-sum rule (2nd term):
             0.0000          0.0000          0.0000
             0.0000          0.0000          0.0000
             0.0000          0.0000          0.0000

     f-sum rule (should be   -30.0000):
           -30.0001          0.0000          0.0000
             0.0000        -29.9997          0.0000
             0.0000          0.0000        -30.2289

     chi_bare pGv (HH) in paratec units:
        -7.738666      0.007830     -0.000025
         0.007836     -7.739690      0.000081
        -0.000505      0.000267    -20.183539

        -7.738666      0.000000      0.000000
         0.000000     -7.739690      0.000000
         0.000000      0.000000    -20.183539

     chi_bare vGv (VV) in paratec units:
        -6.682609      0.007834      0.000084
         0.007839     -6.683288      0.000012
        -0.000241      0.000143    -20.680413

        -6.682609      0.000000      0.000000
         0.000000     -6.683288      0.000000
         0.000000      0.000000    -20.680413

     chi_bare pGv (HH) in 10^{-6} cm^3/mol:
           -36.7749          0.0000          0.0000
             0.0000        -36.7797          0.0000
             0.0000          0.0000        -95.9141

     chi_bare vGv (VV) in 10^{-6} cm^3/mol:
           -31.7564          0.0000          0.0000
             0.0000        -31.7596          0.0000
             0.0000          0.0000        -98.2753

     Contributions to the NMR chemical shifts: -------------------------------
 
     Macroscopic shape contribution in ppm:                    0.00
             0.0000          0.0000          0.0000
             0.0000          0.0000          0.0000
             0.0000          0.0000          0.0000

 
     Core contribution in ppm:
 
     Atom  1  C   pos: (  0.000000  0.105210  0.000000)  core sigma:         200.33
     Atom  2  C   pos: (  0.091114  0.052605  0.000000)  core sigma:         200.33
     Atom  3  C   pos: (  0.091114 -0.052605  0.000000)  core sigma:         200.33
     Atom  4  C   pos: (  0.000000 -0.105210  0.000000)  core sigma:         200.33
     Atom  5  C   pos: ( -0.091114 -0.052605  0.000000)  core sigma:         200.33
     Atom  6  C   pos: ( -0.091114  0.052605  0.000000)  core sigma:         200.33
     Atom  7  H   pos: (  0.000000  0.187130  0.000000)  core sigma:           0.00
     Atom  8  H   pos: (  0.162059  0.093565  0.000000)  core sigma:           0.00
     Atom  9  H   pos: (  0.162059 -0.093565  0.000000)  core sigma:           0.00
     Atom 10  H   pos: (  0.000000 -0.187130  0.000000)  core sigma:           0.00
     Atom 11  H   pos: ( -0.162059 -0.093565  0.000000)  core sigma:           0.00
     Atom 12  H   pos: ( -0.162059  0.093565  0.000000)  core sigma:           0.00
 
     Bare contribution in ppm:
 
     Atom  1  C   pos: (  0.000000  0.105210  0.000000)  bare sigma:         -77.11
           -88.6418         -0.0000          0.0000
            -0.0000       -147.7485         -0.0000
             0.0000         -0.0000          5.0518

     Atom  2  C   pos: (  0.091114  0.052605  0.000000)  bare sigma:         -77.12
          -132.9846        -25.6109         -0.0000
           -25.6189       -103.4327         -0.0000
            -0.0000         -0.0000          5.0575

     Atom  3  C   pos: (  0.091114 -0.052605  0.000000)  bare sigma:         -77.12
          -132.9846         25.6109          0.0000
            25.6189       -103.4327         -0.0000
            -0.0000          0.0000          5.0575

     Atom  4  C   pos: (  0.000000 -0.105210  0.000000)  bare sigma:         -77.11
           -88.6418         -0.0000         -0.0000
            -0.0000       -147.7485          0.0000
            -0.0000          0.0000          5.0518

     Atom  5  C   pos: ( -0.091114 -0.052605  0.000000)  bare sigma:         -77.12
          -132.9846        -25.6109         -0.0000
           -25.6189       -103.4327         -0.0000
             0.0000          0.0000          5.0575

     Atom  6  C   pos: ( -0.091114  0.052605  0.000000)  bare sigma:         -77.12
          -132.9846         25.6109         -0.0000
            25.6189       -103.4327         -0.0000
             0.0000         -0.0000          5.0575

     Atom  7  H   pos: (  0.000000  0.187130  0.000000)  bare sigma:          22.63
            24.8859          0.0000         -0.0000
            -0.0000         21.8825          0.0000
            -0.0000         -0.0000         21.1100

     Atom  8  H   pos: (  0.162059  0.093565  0.000000)  bare sigma:          22.63
            22.6332         -1.3612          0.0000
            -1.3609         24.1357         -0.0000
            -0.0000         -0.0000         21.1098

     Atom  9  H   pos: (  0.162059 -0.093565  0.000000)  bare sigma:          22.63
            22.6332          1.3612         -0.0000
             1.3609         24.1357          0.0000
            -0.0000          0.0000         21.1098

     Atom 10  H   pos: (  0.000000 -0.187130  0.000000)  bare sigma:          22.63
            24.8859          0.0000          0.0000
            -0.0000         21.8825         -0.0000
            -0.0000          0.0000         21.1100

     Atom 11  H   pos: ( -0.162059 -0.093565  0.000000)  bare sigma:          22.63
            22.6332         -1.3612          0.0000
            -1.3609         24.1357          0.0000
             0.0000          0.0000         21.1098

     Atom 12  H   pos: ( -0.162059  0.093565  0.000000)  bare sigma:          22.63
            22.6332          1.3612         -0.0000
             1.3609         24.1357         -0.0000
             0.0000         -0.0000         21.1098

     Diamagnetic contribution in ppm:
 
     Atom  1  C   pos: (  0.000000  0.105210  0.000000)  dia sigma:           3.83
             3.8349          0.0000          0.0000
             0.0000          3.8313          0.0000
             0.0000          0.0000          3.8289

     Atom  2  C   pos: (  0.091114  0.052605  0.000000)  dia sigma:           3.83
             3.8322         -0.0016         -0.0000
            -0.0016          3.8340          0.0000
            -0.0000          0.0000          3.8289

     Atom  3  C   pos: (  0.091114 -0.052605  0.000000)  dia sigma:           3.83
             3.8322          0.0016          0.0000
             0.0016          3.8340          0.0000
             0.0000          0.0000          3.8289

     Atom  4  C   pos: (  0.000000 -0.105210  0.000000)  dia sigma:           3.83
             3.8349          0.0000          0.0000
             0.0000          3.8313          0.0000
             0.0000          0.0000          3.8289

     Atom  5  C   pos: ( -0.091114 -0.052605  0.000000)  dia sigma:           3.83
             3.8322         -0.0016          0.0000
            -0.0016          3.8340          0.0000
             0.0000          0.0000          3.8289

     Atom  6  C   pos: ( -0.091114  0.052605  0.000000)  dia sigma:           3.83
             3.8322          0.0016          0.0000
             0.0016          3.8340         -0.0000
             0.0000         -0.0000          3.8289

     Atom  7  H   pos: (  0.000000  0.187130  0.000000)  dia sigma:           0.43
             0.4282          0.0000          0.0000
             0.0000          0.4282          0.0000
             0.0000          0.0000          0.4282

     Atom  8  H   pos: (  0.162059  0.093565  0.000000)  dia sigma:           0.43
             0.4282         -0.0000          0.0000
            -0.0000          0.4282          0.0000
             0.0000          0.0000          0.4282

     Atom  9  H   pos: (  0.162059 -0.093565  0.000000)  dia sigma:           0.43
             0.4282          0.0000          0.0000
             0.0000          0.4282          0.0000
             0.0000          0.0000          0.4282

     Atom 10  H   pos: (  0.000000 -0.187130  0.000000)  dia sigma:           0.43
             0.4282          0.0000          0.0000
             0.0000          0.4282          0.0000
             0.0000          0.0000          0.4282

     Atom 11  H   pos: ( -0.162059 -0.093565  0.000000)  dia sigma:           0.43
             0.4282         -0.0000          0.0000
            -0.0000          0.4282          0.0000
             0.0000          0.0000          0.4282

     Atom 12  H   pos: ( -0.162059  0.093565  0.000000)  dia sigma:           0.43
             0.4282          0.0000          0.0000
             0.0000          0.4282          0.0000
             0.0000          0.0000          0.4282

     Paramagnetic contribution in ppm:
 
     Atom  1  C   pos: (  0.000000  0.105210  0.000000)  para sigma:         -87.51
           -91.3379          0.0000          0.0000
             0.0000       -130.3736          0.0000
             0.0000          0.0000        -40.8224

     Atom  2  C   pos: (  0.091114  0.052605  0.000000)  para sigma:         -87.52
          -120.6218        -16.9022          0.0000
           -16.9067       -101.1051          0.0000
             0.0000          0.0000        -40.8198

     Atom  3  C   pos: (  0.091114 -0.052605  0.000000)  para sigma:         -87.52
          -120.6218         16.9022          0.0000
            16.9067       -101.1051          0.0000
             0.0000          0.0000        -40.8198

     Atom  4  C   pos: (  0.000000 -0.105210  0.000000)  para sigma:         -87.51
           -91.3379          0.0000          0.0000
             0.0000       -130.3736          0.0000
             0.0000          0.0000        -40.8224

     Atom  5  C   pos: ( -0.091114 -0.052605  0.000000)  para sigma:         -87.52
          -120.6218        -16.9022          0.0000
           -16.9067       -101.1051          0.0000
             0.0000          0.0000        -40.8198

     Atom  6  C   pos: ( -0.091114  0.052605  0.000000)  para sigma:         -87.52
          -120.6218         16.9022          0.0000
            16.9067       -101.1051          0.0000
             0.0000          0.0000        -40.8198

     Atom  7  H   pos: (  0.000000  0.187130  0.000000)  para sigma:           0.00
             0.0000          0.0000          0.0000
             0.0000          0.0000          0.0000
             0.0000          0.0000          0.0000

     Atom  8  H   pos: (  0.162059  0.093565  0.000000)  para sigma:           0.00
             0.0000          0.0000          0.0000
             0.0000          0.0000          0.0000
             0.0000          0.0000          0.0000

     Atom  9  H   pos: (  0.162059 -0.093565  0.000000)  para sigma:           0.00
             0.0000          0.0000          0.0000
             0.0000          0.0000          0.0000
             0.0000          0.0000          0.0000

     Atom 10  H   pos: (  0.000000 -0.187130  0.000000)  para sigma:           0.00
             0.0000          0.0000          0.0000
             0.0000          0.0000          0.0000
             0.0000          0.0000          0.0000

     Atom 11  H   pos: ( -0.162059 -0.093565  0.000000)  para sigma:           0.00
             0.0000          0.0000          0.0000
             0.0000          0.0000          0.0000
             0.0000          0.0000          0.0000

     Atom 12  H   pos: ( -0.162059  0.093565  0.000000)  para sigma:           0.00
             0.0000          0.0000          0.0000
             0.0000          0.0000          0.0000
             0.0000          0.0000          0.0000

 
     Total NMR chemical shifts in ppm: ---------------------------------------
     (adopting the Simpson convention for anisotropy and asymmetry)-----------
 
     Atom  1  C   pos: (  0.000000  0.105210  0.000000)  Total sigma:          39.54
            24.1880         -0.0000          0.0000
            -0.0000        -73.9580         -0.0000
             0.0000         -0.0000        168.3909

     C    1    anisotropy:    193.28    eta:   -0.7617
     C    1    sigma_11=     24.19    axis=( -1.000000  0.000000  0.000000)
     C    1    sigma_22=    -73.96    axis=( -0.000000 -1.000000  0.000000)
     C    1    sigma_33=    168.39    axis=(  0.000000  0.000000  1.000000)
 
     Atom  2  C   pos: (  0.091114  0.052605  0.000000)  Total sigma:          39.53
           -49.4415        -42.5147         -0.0000
           -42.5272         -0.3711         -0.0000
            -0.0000         -0.0000        168.3993

     C    2    anisotropy:    193.31    eta:   -0.7619
     C    2    sigma_11=     24.19    axis=( -0.500109  0.865962  0.000000)
     C    2    sigma_22=    -74.00    axis=( -0.865962 -0.500109  0.000000)
     C    2    sigma_33=    168.40    axis=(  0.000000  0.000000  1.000000)
 
     Atom  3  C   pos: (  0.091114 -0.052605  0.000000)  Total sigma:          39.53
           -49.4415         42.5147          0.0000
            42.5272         -0.3711         -0.0000
            -0.0000          0.0000        168.3993

     C    3    anisotropy:    193.31    eta:   -0.7619
     C    3    sigma_11=     24.19    axis=(  0.500109  0.865962  0.000000)
     C    3    sigma_22=    -74.00    axis=( -0.865962  0.500109  0.000000)
     C    3    sigma_33=    168.40    axis=(  0.000000  0.000000  1.000000)
 
     Atom  4  C   pos: (  0.000000 -0.105210  0.000000)  Total sigma:          39.54
            24.1880         -0.0000         -0.0000
            -0.0000        -73.9580          0.0000
            -0.0000          0.0000        168.3909

     C    4    anisotropy:    193.28    eta:   -0.7617
     C    4    sigma_11=     24.19    axis=( -1.000000  0.000000  0.000000)
     C    4    sigma_22=    -73.96    axis=( -0.000000 -1.000000  0.000000)
     C    4    sigma_33=    168.39    axis=(  0.000000  0.000000  1.000000)
 
     Atom  5  C   pos: ( -0.091114 -0.052605  0.000000)  Total sigma:          39.53
           -49.4415        -42.5147         -0.0000
           -42.5272         -0.3711         -0.0000
             0.0000          0.0000        168.3993

     C    5    anisotropy:    193.31    eta:   -0.7619
     C    5    sigma_11=     24.19    axis=( -0.500109  0.865962  0.000000)
     C    5    sigma_22=    -74.00    axis=( -0.865962 -0.500109  0.000000)
     C    5    sigma_33=    168.40    axis=(  0.000000  0.000000  1.000000)
 
     Atom  6  C   pos: ( -0.091114  0.052605  0.000000)  Total sigma:          39.53
           -49.4415         42.5147         -0.0000
            42.5272         -0.3711         -0.0000
             0.0000         -0.0000        168.3993

     C    6    anisotropy:    193.31    eta:   -0.7619
     C    6    sigma_11=     24.19    axis=( -0.500109 -0.865962  0.000000)
     C    6    sigma_22=    -74.00    axis=(  0.865962 -0.500109  0.000000)
     C    6    sigma_33=    168.40    axis=(  0.000000  0.000000  1.000000)
 
     Atom  7  H   pos: (  0.000000  0.187130  0.000000)  Total sigma:          23.05
            25.3141          0.0000         -0.0000
            -0.0000         22.3108          0.0000
            -0.0000         -0.0000         21.5382

     H    7    anisotropy:      3.39    eta:   -0.3419
     H    7    sigma_11=     22.31    axis=( -0.000000  1.000000  0.000000)
     H    7    sigma_22=     21.54    axis=(  0.000000  0.000000  1.000000)
     H    7    sigma_33=     25.31    axis=( -1.000000 -0.000000  0.000000)
 
     Atom  8  H   pos: (  0.162059  0.093565  0.000000)  Total sigma:          23.05
            23.0615         -1.3612          0.0000
            -1.3609         24.5640         -0.0000
            -0.0000         -0.0000         21.5381

     H    8    anisotropy:      3.47    eta:   -0.3113
     H    8    sigma_11=     22.26    axis=(  0.861173  0.508312  0.000000)
     H    8    sigma_22=     21.54    axis=(  0.000000  0.000000  1.000000)
     H    8    sigma_33=     25.37    axis=( -0.508312  0.861173  0.000000)
 
     Atom  9  H   pos: (  0.162059 -0.093565  0.000000)  Total sigma:          23.05
            23.0615          1.3612         -0.0000
             1.3609         24.5640          0.0000
            -0.0000          0.0000         21.5381

     H    9    anisotropy:      3.47    eta:   -0.3113
     H    9    sigma_11=     22.26    axis=( -0.861173  0.508312  0.000000)
     H    9    sigma_22=     21.54    axis=(  0.000000  0.000000  1.000000)
     H    9    sigma_33=     25.37    axis=( -0.508312 -0.861173  0.000000)
 
     Atom 10  H   pos: (  0.000000 -0.187130  0.000000)  Total sigma:          23.05
            25.3141          0.0000          0.0000
            -0.0000         22.3108         -0.0000
            -0.0000          0.0000         21.5382

     H   10    anisotropy:      3.39    eta:   -0.3419
     H   10    sigma_11=     22.31    axis=( -0.000000  1.000000  0.000000)
     H   10    sigma_22=     21.54    axis=(  0.000000  0.000000  1.000000)
     H   10    sigma_33=     25.31    axis=( -1.000000 -0.000000  0.000000)
 
     Atom 11  H   pos: ( -0.162059 -0.093565  0.000000)  Total sigma:          23.05
            23.0615         -1.3612          0.0000
            -1.3609         24.5640          0.0000
             0.0000          0.0000         21.5381

     H   11    anisotropy:      3.47    eta:   -0.3113
     H   11    sigma_11=     22.26    axis=(  0.861173  0.508312  0.000000)
     H   11    sigma_22=     21.54    axis=(  0.000000  0.000000  1.000000)
     H   11    sigma_33=     25.37    axis=( -0.508312  0.861173  0.000000)
 
     Atom 12  H   pos: ( -0.162059  0.093565  0.000000)  Total sigma:          23.05
            23.0615          1.3612         -0.0000
             1.3609         24.5640         -0.0000
             0.0000         -0.0000         21.5381

     H   12    anisotropy:      3.47    eta:   -0.3113
     H   12    sigma_11=     22.26    axis=( -0.861173  0.508312  0.000000)
     H   12    sigma_22=     21.54    axis=(  0.000000  0.000000  1.000000)
     H   12    sigma_33=     25.37    axis=( -0.508312 -0.861173  0.000000)
 
     Initialization:
     gipaw_setup  :      0.13s CPU      0.17s WALL (       1 calls)
 
     Linear response
     greenf       :    462.61s CPU    476.91s WALL (      21 calls)
     cgsolve      :    461.47s CPU    475.76s WALL (      21 calls)
     ch_psi       :    443.92s CPU    457.37s WALL (     453 calls)
     h_psiq       :    419.34s CPU    431.88s WALL (     453 calls)
 
     Apply operators
     h_psi        :    517.41s CPU    533.72s WALL (    1882 calls)
     apply_vel    :      1.85s CPU      1.95s WALL (      21 calls)
 
     Induced current
     j_para       :     78.01s CPU     79.88s WALL (      12 calls)
     biot_savart  :      1.31s CPU      1.35s WALL (       1 calls)
 
     Other routines
 
     General routines
     calbec       :      8.22s CPU      8.49s WALL (    4300 calls)
     fft          :      1.89s CPU      2.04s WALL (      30 calls)
     fftw         :    475.66s CPU    489.81s WALL (   19000 calls)
     davcio       :      0.01s CPU      0.09s WALL (      16 calls)
 
     Parallel routines
 
     Plugins
 
 
     GIPAW        :  11m 9.02s CPU  11m30.76s WALL

 
   This run was terminated on:  14: 9:17  24Jul2019            

=------------------------------------------------------------------------------=
   JOB DONE.
=------------------------------------------------------------------------------=
